[2021-05-20 01:17:18] [43;37m system [0m DISK:
[2021-05-20 01:18:28] [47;30m ZEUS SERVER IS RUNNING [0m
[2021-05-20 01:18:28] ZEUS default duration is: [36m10s[0m
[2021-05-20 01:18:28] start at time: [36mThu May 20 01:18:28 CST 2021[0m
[2021-05-20 01:18:28] [45;37m start to get status of APPS. [0m
[2021-05-20 01:18:28] [44;37m blog [0m [31;1m DEAD [0m
[2021-05-20 01:18:28] [44;37m blog_frontend [0m [31;1m DEAD [0m
[2021-05-20 01:18:28] [44;37m cooki [0m [31;1m DEAD [0m
[2021-05-20 01:18:29] [44;37m frp [0m [31;1m DEAD [0m
[2021-05-20 01:18:29] [44;37m jjgo [0m [31;1m DEAD [0m
[2021-05-20 01:18:29] [44;37m jjgo_page [0m [31;1m DEAD [0m
[2021-05-20 01:18:29] [44;37m jjmail [0m [31;1m DEAD [0m
[2021-05-20 01:18:29] [44;37m jjservice [0m [31;1m DEAD [0m
[2021-05-20 01:18:30] [44;37m jjservice_frontend [0m [31;1m DEAD [0m
[2021-05-20 01:18:30] [44;37m mgek [0m [31;1m DEAD [0m
[2021-05-20 01:18:30] [44;37m mgekdoc [0m [31;1m DEAD [0m
[2021-05-20 01:18:30] [44;37m mgekfile [0m [31;1m DEAD [0m
[2021-05-20 01:18:30] [44;37m mysite [0m [31;1m DEAD [0m
[2021-05-20 01:18:31] [44;37m nginx [0m [31;1m DEAD [0m
[2021-05-20 01:18:31] [44;37m redis [0m [31;1m DEAD [0m
[2021-05-20 01:18:31] [44;37m resume [0m [31;1m DEAD [0m
[2021-05-20 01:18:31] [41;37m status check ends. [0m
[2021-05-20 01:18:31] wating for the next round.
[2021-05-20 01:18:31] [37mcheck system info. [0m
[2021-05-20 01:18:31] [43;37m system [0m CPU:
[2021-05-20 01:18:31] [43;37m system [0m MEM:
[2021-05-20 01:18:31] [43;37m system [0m LOAD:
[2021-05-20 01:18:31] [43;37m system [0m DISK:
[2021-05-20 01:18:41] [45;37m start to get status of APPS. [0m
[2021-05-20 01:18:41] [44;37m blog [0m [31;1m DEAD [0m
[2021-05-20 01:18:42] [44;37m blog_frontend [0m [31;1m DEAD [0m
[2021-05-20 01:18:42] [44;37m cooki [0m [31;1m DEAD [0m
[2021-05-20 01:18:42] [44;37m frp [0m [31;1m DEAD [0m
[2021-05-20 01:18:42] [44;37m jjgo [0m [31;1m DEAD [0m
[2021-05-20 01:18:42] [44;37m jjgo_page [0m [31;1m DEAD [0m
[2021-05-20 01:18:43] [44;37m jjmail [0m [31;1m DEAD [0m
[2021-05-20 01:18:43] [44;37m jjservice [0m [31;1m DEAD [0m
[2021-05-20 01:18:43] [44;37m jjservice_frontend [0m [31;1m DEAD [0m
[2021-05-20 01:18:43] [44;37m mgek [0m [31;1m DEAD [0m
[2021-05-20 01:18:44] [44;37m mgekdoc [0m [31;1m DEAD [0m
[2021-05-20 01:18:44] [44;37m mgekfile [0m [31;1m DEAD [0m
[2021-05-20 01:18:44] [44;37m mysite [0m [31;1m DEAD [0m
[2021-05-20 01:18:44] [44;37m nginx [0m [31;1m DEAD [0m
[2021-05-20 01:18:44] [44;37m redis [0m [31;1m DEAD [0m
[2021-05-20 01:18:45] [44;37m resume [0m [31;1m DEAD [0m
[2021-05-20 01:18:45] [41;37m status check ends. [0m
[2021-05-20 01:18:45] wating for the next round.
[2021-05-20 01:18:45] [37mcheck system info. [0m
[2021-05-20 01:18:45] [43;37m system [0m CPU:
[2021-05-20 01:18:45] [43;37m system [0m MEM:
[2021-05-20 01:18:45] [43;37m system [0m LOAD:
[2021-05-20 01:18:45] [43;37m system [0m DISK:
[2021-05-20 01:18:55] [45;37m start to get status of APPS. [0m
[2021-05-20 01:18:55] [44;37m blog [0m [31;1m DEAD [0m
[2021-05-20 01:18:55] [44;37m blog_frontend [0m [31;1m DEAD [0m
[2021-05-20 01:18:55] [44;37m cooki [0m [31;1m DEAD [0m
[2021-05-20 01:18:56] [44;37m frp [0m [31;1m DEAD [0m
[2021-05-20 01:18:56] [44;37m jjgo [0m [31;1m DEAD [0m
[2021-05-20 01:18:56] [44;37m jjgo_page [0m [31;1m DEAD [0m
[2021-05-20 01:18:56] [44;37m jjmail [0m [31;1m DEAD [0m
[2021-05-20 01:18:56] [44;37m jjservice [0m [31;1m DEAD [0m
[2021-05-20 01:18:57] [44;37m jjservice_frontend [0m [31;1m DEAD [0m
[2021-05-20 01:18:57] [44;37m mgek [0m [31;1m DEAD [0m
[2021-05-20 01:20:26] _______
[2021-05-20 01:20:26] [47;30m ZEUS SERVER IS RUNNING [0m
[2021-05-20 01:20:26] ZEUS default duration is: [36m10s[0m
[2021-05-20 01:20:26] start at time: [36mThu May 20 01:20:26 CST 2021[0m
[2021-05-20 01:20:26] [45;37m start to get status of APPS. [0m
[2021-05-20 01:20:26] [44;37m blog [0m [31;1m DEAD [0m
[2021-05-20 01:20:27] [44;37m blog_frontend [0m [31;1m DEAD [0m
[2021-05-20 01:20:27] [44;37m cooki [0m [31;1m DEAD [0m
[2021-05-20 01:20:27] [44;37m frp [0m [31;1m DEAD [0m
[2021-05-20 01:20:27] [44;37m jjgo [0m [31;1m DEAD [0m
[2021-05-20 01:20:28] [44;37m jjgo_page [0m [31;1m DEAD [0m
[2021-05-20 01:20:28] [44;37m jjmail [0m [31;1m DEAD [0m
[2021-05-20 01:20:28] [44;37m jjservice [0m [31;1m DEAD [0m
[2021-05-20 01:20:28] [44;37m jjservice_frontend [0m [31;1m DEAD [0m
[2021-05-20 01:20:28] [44;37m mgek [0m [31;1m DEAD [0m
[2021-05-20 01:20:29] [44;37m mgekdoc [0m [31;1m DEAD [0m
[2021-05-20 01:20:29] [44;37m mgekfile [0m [31;1m DEAD [0m
[2021-05-20 01:20:29] [44;37m mysite [0m [31;1m DEAD [0m
[2021-05-20 01:20:29] [44;37m nginx [0m [31;1m DEAD [0m
[2021-05-20 01:20:30] [44;37m redis [0m [31;1m DEAD [0m
[2021-05-20 01:21:02] _______
[2021-05-20 01:21:02] [47;30m ZEUS SERVER IS RUNNING [0m
[2021-05-20 01:21:02] ZEUS default duration is: [36m10s[0m
[2021-05-20 01:21:02] start at time: [36mThu May 20 01:21:02 CST 2021[0m
[2021-05-20 01:21:02] [45;37m start to get status of APPS. [0m
[2021-05-20 01:21:02] [44;37m blog [0m [31;1m DEAD [0m
[2021-05-20 01:21:02] [44;37m blog_frontend [0m [31;1m DEAD [0m
[2021-05-20 01:21:02] [44;37m cooki [0m [31;1m DEAD [0m
[2021-05-20 01:21:02] [44;37m frp [0m [31;1m DEAD [0m
[2021-05-20 01:21:03] [44;37m jjgo [0m [31;1m DEAD [0m
[2021-05-20 01:21:03] [44;37m jjgo_page [0m [31;1m DEAD [0m
[2021-05-20 01:22:59] 
[2021-05-20 01:22:59] [47;30m ZEUS SERVER IS RUNNING [0m
[2021-05-20 01:22:59] ZEUS default duration is: [36m10s[0m
[2021-05-20 01:22:59] start at time: [36mThu May 20 01:22:59 CST 2021[0m
[2021-05-20 01:22:59] [45;37m start to get status of APPS. [0m
[2021-05-20 01:22:59] [44;37m blog [0m [31;1m DEAD [0m
[2021-05-20 01:22:59] [44;37m blog_frontend [0m [31;1m DEAD [0m
[2021-05-20 01:22:59] [44;37m cooki [0m [31;1m DEAD [0m
[2021-05-20 01:22:59] [44;37m frp [0m [31;1m DEAD [0m
[2021-05-20 01:23:00] [44;37m jjgo [0m [31;1m DEAD [0m
[2021-05-20 01:23:00] [44;37m jjgo_page [0m [31;1m DEAD [0m
[2021-05-20 01:23:00] [44;37m jjmail [0m [31;1m DEAD [0m
[2021-05-20 01:23:00] [44;37m jjservice [0m [31;1m DEAD [0m
[2021-05-20 01:24:22] [47;30m ZEUS SERVER IS RUNNING [0m
[2021-05-20 01:24:22] ZEUS default duration is: [36m10s[0m
[2021-05-20 01:24:22] start at time: [36mThu May 20 01:24:22 CST 2021[0m
[2021-05-20 01:24:22] [45;37m start to get status of APPS. [0m
[2021-05-20 01:24:22] [44;37m blog [0m [31;1m DEAD [0m
[2021-05-20 01:24:23] [44;37m blog_frontend [0m [31;1m DEAD [0m
[2021-05-20 01:24:23] [44;37m cooki [0m [31;1m DEAD [0m
[2021-05-20 01:24:23] [44;37m frp [0m [31;1m DEAD [0m
[2021-05-20 01:24:23] [44;37m jjgo [0m [31;1m DEAD [0m
[2021-05-20 01:24:23] [44;37m jjgo_page [0m [31;1m DEAD [0m
[2021-05-20 01:24:24] [44;37m jjmail [0m [31;1m DEAD [0m
[2021-05-20 01:24:24] [44;37m jjservice [0m [31;1m DEAD [0m
[2021-05-20 01:24:24] [44;37m jjservice_frontend [0m [31;1m DEAD [0m
[2021-05-20 01:24:24] [44;37m mgek [0m [31;1m DEAD [0m
[2021-05-20 01:24:25] [44;37m mgekdoc [0m [31;1m DEAD [0m
[2021-05-20 01:24:25] [44;37m mgekfile [0m [31;1m DEAD [0m
[2021-05-20 01:24:25] [44;37m mysite [0m [31;1m DEAD [0m
[2021-05-20 01:24:25] [44;37m nginx [0m [31;1m DEAD [0m
[2021-05-20 01:24:25] [44;37m redis [0m [31;1m DEAD [0m
[2021-05-20 01:24:26] [44;37m resume [0m [31;1m DEAD [0m
[2021-05-20 01:24:26] [41;37m status check ends. [0m
[2021-05-20 01:24:26] wating for the next round.
[2021-05-20 01:24:26] [37mcheck system info. [0m
[2021-05-20 01:24:26] [43;37m system [0m CPU:
[2021-05-20 01:24:26] [43;37m system [0m MEM:
[2021-05-20 01:24:26] [43;37m system [0m LOAD:
[2021-05-20 01:24:26] [43;37m system [0m DISK:
[2021-05-20 20:46:24] [47;30m ZEUS SERVER IS RUNNING [0m
[2021-05-20 20:46:24] ZEUS default duration is: [36m10s[0m
[2021-05-20 20:46:24] start at time: [36mThu May 20 20:46:24 CST 2021[0m
[2021-05-20 20:46:24] [45;37m start to get status of APPS. [0m
[2021-05-20 20:46:24] [44;37m APP [0m [44;37m blog [0m [32;1m ALIVE [0m
[2021-05-20 20:46:25] [44;37m APP [0m [44;37m blog_frontend [0m [32;1m ALIVE [0m
[2021-05-20 20:46:25] [44;37m APP [0m [44;37m cooki [0m [32;1m ALIVE [0m
[2021-05-20 20:46:25] [44;37m APP [0m [44;37m frp [0m [32;1m ALIVE [0m
[2021-05-20 20:46:25] [44;37m APP [0m [44;37m jjgo [0m [32;1m ALIVE [0m
[2021-05-20 20:46:26] [44;37m APP [0m [44;37m jjgo_page [0m [32;1m ALIVE [0m
[2021-05-20 20:46:26] [44;37m APP [0m [44;37m jjmail [0m [32;1m ALIVE [0m
[2021-05-20 20:46:26] [44;37m APP [0m [44;37m jjservice [0m [32;1m ALIVE [0m
[2021-05-20 20:46:26] [44;37m APP [0m [44;37m jjservice_frontend [0m [32;1m ALIVE [0m
[2021-05-20 20:46:26] [44;37m APP [0m [44;37m mgek [0m [32;1m ALIVE [0m
[2021-05-20 20:46:27] [44;37m APP [0m [44;37m mgekdoc [0m [32;1m ALIVE [0m
[2021-05-20 20:46:27] [44;37m APP [0m [44;37m mgekfile [0m [32;1m ALIVE [0m
[2021-05-20 20:46:27] [44;37m APP [0m [44;37m mysite [0m [32;1m ALIVE [0m
[2021-05-20 20:46:27] [44;37m APP [0m [44;37m nginx [0m [32;1m ALIVE [0m
[2021-05-20 20:46:27] [44;37m APP [0m [44;37m redis [0m [32;1m ALIVE [0m
[2021-05-20 20:46:28] [44;37m APP [0m [44;37m resume [0m [32;1m ALIVE [0m
[2021-05-20 20:46:28] [41;37m status check ends. [0m
[2021-05-20 20:46:28] wating for the next round.
[2021-05-20 20:46:28] [37mcheck system info. [0m
[2021-05-20 20:46:28] [43;37m system [0m CPU:
[2021-05-20 20:46:28] [43;37m system [0m MEM:
[2021-05-20 20:46:28] [43;37m system [0m LOAD:
[2021-05-20 20:46:28] [43;37m system [0m DISK:
[2021-05-20 20:47:04] [47;30m ZEUS SERVER IS RUNNING [0m
[2021-05-20 20:47:04] ZEUS default duration is: [36m10s[0m
[2021-05-20 20:47:04] start at time: [36mThu May 20 20:47:04 CST 2021[0m
[2021-05-20 20:47:04] [45;37m start to get status of APPS. [0m
[2021-05-20 20:47:04] [44;37m APP [0m [44;37m blog [0m [31;1m DEAD [0m
[2021-05-20 20:47:04] [44;37m APP [0m [44;37m blog_frontend [0m [31;1m DEAD [0m
[2021-05-20 20:47:04] [44;37m APP [0m [44;37m cooki [0m [31;1m DEAD [0m
[2021-05-20 20:47:04] [44;37m APP [0m [44;37m frp [0m [31;1m DEAD [0m
[2021-05-20 20:47:05] [44;37m APP [0m [44;37m jjgo [0m [31;1m DEAD [0m
[2021-05-20 20:47:05] [44;37m APP [0m [44;37m jjgo_page [0m [31;1m DEAD [0m
[2021-05-20 20:47:05] [44;37m APP [0m [44;37m jjmail [0m [31;1m DEAD [0m
[2021-05-20 20:47:05] [44;37m APP [0m [44;37m jjservice [0m [31;1m DEAD [0m
[2021-05-20 20:47:05] [44;37m APP [0m [44;37m jjservice_frontend [0m [31;1m DEAD [0m
[2021-05-20 20:47:06] [44;37m APP [0m [44;37m mgek [0m [31;1m DEAD [0m
[2021-05-20 20:47:06] [44;37m APP [0m [44;37m mgekdoc [0m [31;1m DEAD [0m
[2021-05-20 20:47:06] [44;37m APP [0m [44;37m mgekfile [0m [31;1m DEAD [0m
[2021-05-20 20:47:06] [44;37m APP [0m [44;37m mysite [0m [31;1m DEAD [0m
[2021-05-20 20:47:07] [44;37m APP [0m [44;37m nginx [0m [31;1m DEAD [0m
[2021-05-20 20:47:07] [44;37m APP [0m [44;37m redis [0m [31;1m DEAD [0m
[2021-05-20 20:47:07] [44;37m APP [0m [44;37m resume [0m [31;1m DEAD [0m
[2021-05-20 20:47:07] [41;37m status check ends. [0m
[2021-05-20 20:47:07] wating for the next round.
[2021-05-20 20:47:07] [37mcheck system info. [0m
[2021-05-20 20:47:07] [43;37m system [0m CPU:
[2021-05-20 20:47:07] [43;37m system [0m MEM:
[2021-05-20 20:47:07] [43;37m system [0m LOAD:
[2021-05-20 20:47:07] [43;37m system [0m DISK:
[2021-05-20 20:47:17] [45;37m start to get status of APPS. [0m
[2021-05-20 20:47:17] [44;37m APP [0m [44;37m blog [0m [31;1m DEAD [0m
[2021-05-20 20:47:17] [44;37m APP [0m [44;37m blog_frontend [0m [31;1m DEAD [0m
[2021-05-20 20:47:18] [44;37m APP [0m [44;37m cooki [0m [31;1m DEAD [0m
[2021-05-20 20:47:18] [44;37m APP [0m [44;37m frp [0m [31;1m DEAD [0m
[2021-05-20 20:47:18] [44;37m APP [0m [44;37m jjgo [0m [31;1m DEAD [0m
[2021-05-20 20:47:18] [44;37m APP [0m [44;37m jjgo_page [0m [31;1m DEAD [0m
[2021-05-20 20:47:19] [44;37m APP [0m [44;37m jjmail [0m [31;1m DEAD [0m
[2021-05-20 20:47:19] [44;37m APP [0m [44;37m jjservice [0m [31;1m DEAD [0m
[2021-05-20 20:47:19] [44;37m APP [0m [44;37m jjservice_frontend [0m [31;1m DEAD [0m
[2021-05-20 20:47:19] [44;37m APP [0m [44;37m mgek [0m [31;1m DEAD [0m
[2021-05-20 20:47:19] [44;37m APP [0m [44;37m mgekdoc [0m [31;1m DEAD [0m
[2021-05-20 20:47:20] [44;37m APP [0m [44;37m mgekfile [0m [31;1m DEAD [0m
[2021-05-20 20:47:20] [44;37m APP [0m [44;37m mysite [0m [31;1m DEAD [0m
[2021-05-20 20:47:20] [44;37m APP [0m [44;37m nginx [0m [31;1m DEAD [0m
[2021-05-20 20:47:20] [44;37m APP [0m [44;37m redis [0m [31;1m DEAD [0m
[2021-05-20 20:47:20] [44;37m APP [0m [44;37m resume [0m [31;1m DEAD [0m
[2021-05-20 20:47:21] [41;37m status check ends. [0m
[2021-05-20 20:47:21] wating for the next round.
[2021-05-20 20:47:21] [37mcheck system info. [0m
[2021-05-20 20:47:21] [43;37m system [0m CPU:
[2021-05-20 20:47:21] [43;37m system [0m MEM:
[2021-05-20 20:47:21] [43;37m system [0m LOAD:
[2021-05-20 20:47:21] [43;37m system [0m DISK:
[2021-05-20 20:47:31] [45;37m start to get status of APPS. [0m
[2021-05-20 20:47:31] [44;37m APP [0m [44;37m blog [0m [31;1m DEAD [0m
[2021-05-20 20:47:31] [44;37m APP [0m [44;37m blog_frontend [0m [31;1m DEAD [0m
[2021-05-20 20:47:31] [44;37m APP [0m [44;37m cooki [0m [31;1m DEAD [0m
[2021-05-20 20:47:31] [44;37m APP [0m [44;37m frp [0m [31;1m DEAD [0m
[2021-05-20 20:47:32] [44;37m APP [0m [44;37m jjgo [0m [31;1m DEAD [0m
[2021-05-20 20:47:32] [44;37m APP [0m [44;37m jjgo_page [0m [31;1m DEAD [0m
[2021-05-20 20:47:32] [44;37m APP [0m [44;37m jjmail [0m [31;1m DEAD [0m
[2021-05-20 20:47:32] [44;37m APP [0m [44;37m jjservice [0m [31;1m DEAD [0m
[2021-05-20 20:47:32] [44;37m APP [0m [44;37m jjservice_frontend [0m [31;1m DEAD [0m
[2021-05-20 20:47:33] [44;37m APP [0m [44;37m mgek [0m [31;1m DEAD [0m
[2021-05-20 20:47:33] [44;37m APP [0m [44;37m mgekdoc [0m [31;1m DEAD [0m
[2021-05-20 20:47:33] [44;37m APP [0m [44;37m mgekfile [0m [31;1m DEAD [0m
[2021-05-20 20:47:33] [44;37m APP [0m [44;37m mysite [0m [31;1m DEAD [0m
[2021-05-20 20:47:34] [44;37m APP [0m [44;37m nginx [0m [31;1m DEAD [0m
[2021-05-20 20:47:34] [44;37m APP [0m [44;37m redis [0m [31;1m DEAD [0m
[2021-05-20 20:47:34] [44;37m APP [0m [44;37m resume [0m [31;1m DEAD [0m
[2021-05-20 20:47:34] [41;37m status check ends. [0m
[2021-05-20 20:47:34] wating for the next round.
[2021-05-20 20:47:34] [37mcheck system info. [0m
[2021-05-20 20:47:34] [43;37m system [0m CPU:
[2021-05-20 20:47:34] [43;37m system [0m MEM:
[2021-05-20 20:47:34] [43;37m system [0m LOAD:
[2021-05-20 20:47:34] [43;37m system [0m DISK:
[2021-05-20 20:47:44] [45;37m start to get status of APPS. [0m
[2021-05-20 20:47:44] [44;37m APP [0m [44;37m blog [0m [31;1m DEAD [0m
[2021-05-20 20:47:44] [44;37m APP [0m [44;37m blog_frontend [0m [31;1m DEAD [0m
[2021-05-20 20:47:45] [44;37m APP [0m [44;37m cooki [0m [31;1m DEAD [0m
[2021-05-20 20:47:45] [44;37m APP [0m [44;37m frp [0m [31;1m DEAD [0m
[2021-05-20 20:47:45] [44;37m APP [0m [44;37m jjgo [0m [31;1m DEAD [0m
[2021-05-20 20:47:45] [44;37m APP [0m [44;37m jjgo_page [0m [31;1m DEAD [0m
[2021-05-20 20:47:46] [44;37m APP [0m [44;37m jjmail [0m [31;1m DEAD [0m
[2021-05-20 20:47:46] [44;37m APP [0m [44;37m jjservice [0m [31;1m DEAD [0m
[2021-05-20 20:47:46] [44;37m APP [0m [44;37m jjservice_frontend [0m [31;1m DEAD [0m
[2021-05-20 20:47:46] [44;37m APP [0m [44;37m mgek [0m [31;1m DEAD [0m
[2021-05-20 20:47:46] [44;37m APP [0m [44;37m mgekdoc [0m [31;1m DEAD [0m
[2021-05-20 20:47:47] [44;37m APP [0m [44;37m mgekfile [0m [31;1m DEAD [0m
[2021-05-20 20:47:47] [44;37m APP [0m [44;37m mysite [0m [31;1m DEAD [0m
[2021-05-20 20:47:47] [44;37m APP [0m [44;37m nginx [0m [31;1m DEAD [0m
[2021-05-20 20:47:47] [44;37m APP [0m [44;37m redis [0m [31;1m DEAD [0m
[2021-05-20 20:47:47] [44;37m APP [0m [44;37m resume [0m [31;1m DEAD [0m
[2021-05-20 20:47:48] [41;37m status check ends. [0m
[2021-05-20 20:47:48] wating for the next round.
[2021-05-20 20:47:48] [37mcheck system info. [0m
[2021-05-20 20:47:48] [43;37m system [0m CPU:
[2021-05-20 20:47:48] [43;37m system [0m MEM:
[2021-05-20 20:47:48] [43;37m system [0m LOAD:
[2021-05-20 20:47:48] [43;37m system [0m DISK:
[2021-05-20 20:47:58] [45;37m start to get status of APPS. [0m
[2021-05-20 20:47:58] [44;37m APP [0m [44;37m blog [0m [31;1m DEAD [0m
[2021-05-20 20:47:58] [44;37m APP [0m [44;37m blog_frontend [0m [31;1m DEAD [0m
[2021-05-20 20:47:58] [44;37m APP [0m [44;37m cooki [0m [31;1m DEAD [0m
[2021-05-20 20:47:58] [44;37m APP [0m [44;37m frp [0m [31;1m DEAD [0m
[2021-05-20 20:47:59] [44;37m APP [0m [44;37m jjgo [0m [31;1m DEAD [0m
[2021-05-20 20:47:59] [44;37m APP [0m [44;37m jjgo_page [0m [31;1m DEAD [0m
[2021-05-20 20:47:59] [44;37m APP [0m [44;37m jjmail [0m [31;1m DEAD [0m
[2021-05-20 20:47:59] [44;37m APP [0m [44;37m jjservice [0m [31;1m DEAD [0m
[2021-05-20 20:47:59] [44;37m APP [0m [44;37m jjservice_frontend [0m [31;1m DEAD [0m
[2021-05-20 20:48:00] [44;37m APP [0m [44;37m mgek [0m [31;1m DEAD [0m
[2021-05-20 20:48:00] [44;37m APP [0m [44;37m mgekdoc [0m [31;1m DEAD [0m
[2021-05-20 20:48:00] [44;37m APP [0m [44;37m mgekfile [0m [31;1m DEAD [0m
[2021-05-20 20:48:00] [44;37m APP [0m [44;37m mysite [0m [31;1m DEAD [0m
[2021-05-20 20:48:01] [44;37m APP [0m [44;37m nginx [0m [31;1m DEAD [0m
[2021-05-20 20:48:01] [44;37m APP [0m [44;37m redis [0m [31;1m DEAD [0m
[2021-05-20 20:48:01] [44;37m APP [0m [44;37m resume [0m [31;1m DEAD [0m
[2021-05-20 20:48:01] [41;37m status check ends. [0m
[2021-05-20 20:48:01] wating for the next round.
[2021-05-20 20:48:01] [37mcheck system info. [0m
[2021-05-20 20:48:01] [43;37m system [0m CPU:
[2021-05-20 20:48:01] [43;37m system [0m MEM:
[2021-05-20 20:48:01] [43;37m system [0m LOAD:
[2021-05-20 20:48:01] [43;37m system [0m DISK:
[2021-05-20 20:48:11] [45;37m start to get status of APPS. [0m
[2021-05-20 20:48:11] [44;37m APP [0m [44;37m blog [0m [31;1m DEAD [0m
[2021-05-20 20:48:11] [44;37m APP [0m [44;37m blog_frontend [0m [31;1m DEAD [0m
[2021-05-20 20:48:12] [44;37m APP [0m [44;37m cooki [0m [31;1m DEAD [0m
[2021-05-20 20:48:12] [44;37m APP [0m [44;37m frp [0m [31;1m DEAD [0m
[2021-05-20 20:48:12] [44;37m APP [0m [44;37m jjgo [0m [31;1m DEAD [0m
[2021-05-20 20:48:12] [44;37m APP [0m [44;37m jjgo_page [0m [31;1m DEAD [0m
[2021-05-20 20:48:13] [44;37m APP [0m [44;37m jjmail [0m [31;1m DEAD [0m
[2021-05-20 20:48:13] [44;37m APP [0m [44;37m jjservice [0m [31;1m DEAD [0m
[2021-05-20 20:48:13] [44;37m APP [0m [44;37m jjservice_frontend [0m [31;1m DEAD [0m
[2021-05-20 20:48:13] [44;37m APP [0m [44;37m mgek [0m [31;1m DEAD [0m
[2021-05-20 20:48:13] [44;37m APP [0m [44;37m mgekdoc [0m [31;1m DEAD [0m
[2021-05-20 20:48:14] [44;37m APP [0m [44;37m mgekfile [0m [31;1m DEAD [0m
[2021-05-20 20:48:14] [44;37m APP [0m [44;37m mysite [0m [31;1m DEAD [0m
[2021-05-20 20:48:14] [44;37m APP [0m [44;37m nginx [0m [31;1m DEAD [0m
[2021-05-20 20:48:14] [44;37m APP [0m [44;37m redis [0m [31;1m DEAD [0m
[2021-05-20 20:48:15] [44;37m APP [0m [44;37m resume [0m [31;1m DEAD [0m
[2021-05-20 20:48:15] [41;37m status check ends. [0m
[2021-05-20 20:48:15] wating for the next round.
[2021-05-20 20:48:15] [37mcheck system info. [0m
[2021-05-20 20:48:15] [43;37m system [0m CPU:
[2021-05-20 20:48:15] [43;37m system [0m MEM:
[2021-05-20 20:48:15] [43;37m system [0m LOAD:
[2021-05-20 20:48:15] [43;37m system [0m DISK:
[2021-05-20 20:48:25] [45;37m start to get status of APPS. [0m
[2021-05-20 20:48:25] [44;37m APP [0m [44;37m blog [0m [31;1m DEAD [0m
[2021-05-20 20:48:25] [44;37m APP [0m [44;37m blog_frontend [0m [31;1m DEAD [0m
[2021-05-20 20:48:25] [44;37m APP [0m [44;37m cooki [0m [31;1m DEAD [0m
[2021-05-20 20:48:25] [44;37m APP [0m [44;37m frp [0m [31;1m DEAD [0m
[2021-05-20 20:48:26] [44;37m APP [0m [44;37m jjgo [0m [31;1m DEAD [0m
[2021-05-20 20:48:26] [44;37m APP [0m [44;37m jjgo_page [0m [31;1m DEAD [0m
[2021-05-20 20:48:26] [44;37m APP [0m [44;37m jjmail [0m [31;1m DEAD [0m
[2021-05-20 20:48:26] [44;37m APP [0m [44;37m jjservice [0m [31;1m DEAD [0m
[2021-05-20 20:48:27] [44;37m APP [0m [44;37m jjservice_frontend [0m [31;1m DEAD [0m
[2021-05-20 20:48:27] [44;37m APP [0m [44;37m mgek [0m [31;1m DEAD [0m
[2021-05-20 20:48:27] [44;37m APP [0m [44;37m mgekdoc [0m [31;1m DEAD [0m
[2021-05-20 20:48:27] [44;37m APP [0m [44;37m mgekfile [0m [31;1m DEAD [0m
[2021-05-20 20:48:27] [44;37m APP [0m [44;37m mysite [0m [31;1m DEAD [0m
[2021-05-20 20:48:28] [44;37m APP [0m [44;37m nginx [0m [31;1m DEAD [0m
[2021-05-20 20:48:28] [44;37m APP [0m [44;37m redis [0m [31;1m DEAD [0m
[2021-05-20 20:48:28] [44;37m APP [0m [44;37m resume [0m [31;1m DEAD [0m
[2021-05-20 20:48:28] [41;37m status check ends. [0m
[2021-05-20 20:48:28] wating for the next round.
[2021-05-20 20:48:28] [37mcheck system info. [0m
[2021-05-20 20:48:28] [43;37m system [0m CPU:
[2021-05-20 20:48:28] [43;37m system [0m MEM:
[2021-05-20 20:48:28] [43;37m system [0m LOAD:
[2021-05-20 20:48:28] [43;37m system [0m DISK:
[2021-05-20 20:48:38] [45;37m start to get status of APPS. [0m
[2021-05-20 20:48:38] [44;37m APP [0m [44;37m blog [0m [31;1m DEAD [0m
[2021-05-20 20:48:39] [44;37m APP [0m [44;37m blog_frontend [0m [31;1m DEAD [0m
[2021-05-20 20:48:39] [44;37m APP [0m [44;37m cooki [0m [31;1m DEAD [0m
[2021-05-20 20:48:39] [44;37m APP [0m [44;37m frp [0m [31;1m DEAD [0m
[2021-05-20 20:48:39] [44;37m APP [0m [44;37m jjgo [0m [31;1m DEAD [0m
[2021-05-20 20:48:39] [44;37m APP [0m [44;37m jjgo_page [0m [31;1m DEAD [0m
[2021-05-20 20:48:40] [44;37m APP [0m [44;37m jjmail [0m [31;1m DEAD [0m
[2021-05-20 20:48:40] [44;37m APP [0m [44;37m jjservice [0m [31;1m DEAD [0m
[2021-05-20 20:48:40] [44;37m APP [0m [44;37m jjservice_frontend [0m [31;1m DEAD [0m
[2021-05-20 20:48:40] [44;37m APP [0m [44;37m mgek [0m [31;1m DEAD [0m
[2021-05-20 20:48:40] [44;37m APP [0m [44;37m mgekdoc [0m [31;1m DEAD [0m
[2021-05-20 20:48:41] [44;37m APP [0m [44;37m mgekfile [0m [31;1m DEAD [0m
[2021-05-20 20:48:41] [44;37m APP [0m [44;37m mysite [0m [31;1m DEAD [0m
[2021-05-20 20:48:41] [44;37m APP [0m [44;37m nginx [0m [31;1m DEAD [0m
[2021-05-20 20:48:41] [44;37m APP [0m [44;37m redis [0m [31;1m DEAD [0m
[2021-05-20 20:48:42] [44;37m APP [0m [44;37m resume [0m [31;1m DEAD [0m
[2021-05-20 20:48:42] [41;37m status check ends. [0m
[2021-05-20 20:48:42] wating for the next round.
[2021-05-20 20:48:42] [37mcheck system info. [0m
[2021-05-20 20:48:42] [43;37m system [0m CPU:
[2021-05-20 20:48:42] [43;37m system [0m MEM:
[2021-05-20 20:48:42] [43;37m system [0m LOAD:
[2021-05-20 20:48:42] [43;37m system [0m DISK:
[2021-05-20 20:48:52] [45;37m start to get status of APPS. [0m
[2021-05-20 20:48:52] [44;37m APP [0m [44;37m blog [0m [31;1m DEAD [0m
[2021-05-20 20:48:52] [44;37m APP [0m [44;37m blog_frontend [0m [31;1m DEAD [0m
[2021-05-20 20:48:52] [44;37m APP [0m [44;37m cooki [0m [31;1m DEAD [0m
[2021-05-20 20:48:52] [44;37m APP [0m [44;37m frp [0m [31;1m DEAD [0m
[2021-05-20 20:48:53] [44;37m APP [0m [44;37m jjgo [0m [31;1m DEAD [0m
[2021-05-20 20:48:53] [44;37m APP [0m [44;37m jjgo_page [0m [31;1m DEAD [0m
[2021-05-20 20:48:53] [44;37m APP [0m [44;37m jjmail [0m [31;1m DEAD [0m
[2021-05-20 20:48:53] [44;37m APP [0m [44;37m jjservice [0m [31;1m DEAD [0m
[2021-05-20 20:48:54] [44;37m APP [0m [44;37m jjservice_frontend [0m [31;1m DEAD [0m
[2021-05-20 20:48:54] [44;37m APP [0m [44;37m mgek [0m [31;1m DEAD [0m
[2021-05-20 20:48:54] [44;37m APP [0m [44;37m mgekdoc [0m [31;1m DEAD [0m
[2021-05-20 20:48:54] [44;37m APP [0m [44;37m mgekfile [0m [31;1m DEAD [0m
[2021-05-20 20:48:54] [44;37m APP [0m [44;37m mysite [0m [31;1m DEAD [0m
[2021-05-20 20:48:55] [44;37m APP [0m [44;37m nginx [0m [31;1m DEAD [0m
[2021-05-20 20:48:55] [44;37m APP [0m [44;37m redis [0m [31;1m DEAD [0m
[2021-05-20 20:48:55] [44;37m APP [0m [44;37m resume [0m [31;1m DEAD [0m
[2021-05-20 20:48:55] [41;37m status check ends. [0m
[2021-05-20 20:48:55] wating for the next round.
[2021-05-20 20:48:55] [37mcheck system info. [0m
[2021-05-20 20:48:55] [43;37m system [0m CPU:
[2021-05-20 20:48:55] [43;37m system [0m MEM:
[2021-05-20 20:48:55] [43;37m system [0m LOAD:
[2021-05-20 20:48:55] [43;37m system [0m DISK:
[2021-05-20 20:49:05] [45;37m start to get status of APPS. [0m
[2021-05-20 20:49:05] [44;37m APP [0m [44;37m blog [0m [31;1m DEAD [0m
[2021-05-20 20:49:06] [44;37m APP [0m [44;37m blog_frontend [0m [31;1m DEAD [0m
[2021-05-20 20:49:06] [44;37m APP [0m [44;37m cooki [0m [31;1m DEAD [0m
[2021-05-20 20:49:06] [44;37m APP [0m [44;37m frp [0m [31;1m DEAD [0m
[2021-05-20 20:49:06] [44;37m APP [0m [44;37m jjgo [0m [31;1m DEAD [0m
[2021-05-20 20:49:06] [44;37m APP [0m [44;37m jjgo_page [0m [31;1m DEAD [0m
[2021-05-20 20:49:07] [44;37m APP [0m [44;37m jjmail [0m [31;1m DEAD [0m
[2021-05-20 20:49:07] [44;37m APP [0m [44;37m jjservice [0m [31;1m DEAD [0m
[2021-05-20 20:49:07] [44;37m APP [0m [44;37m jjservice_frontend [0m [31;1m DEAD [0m
[2021-05-20 20:49:07] [44;37m APP [0m [44;37m mgek [0m [31;1m DEAD [0m
[2021-05-20 20:49:07] [44;37m APP [0m [44;37m mgekdoc [0m [31;1m DEAD [0m
[2021-05-20 20:49:08] [44;37m APP [0m [44;37m mgekfile [0m [31;1m DEAD [0m
[2021-05-20 20:49:08] [44;37m APP [0m [44;37m mysite [0m [31;1m DEAD [0m
[2021-05-20 20:49:08] [44;37m APP [0m [44;37m nginx [0m [31;1m DEAD [0m
[2021-05-20 20:49:08] [44;37m APP [0m [44;37m redis [0m [31;1m DEAD [0m
[2021-05-20 20:49:09] [44;37m APP [0m [44;37m resume [0m [31;1m DEAD [0m
[2021-05-20 20:49:09] [41;37m status check ends. [0m
[2021-05-20 20:49:09] wating for the next round.
[2021-05-20 20:49:09] [37mcheck system info. [0m
[2021-05-20 20:49:09] [43;37m system [0m CPU:
[2021-05-20 20:49:09] [43;37m system [0m MEM:
[2021-05-20 20:49:09] [43;37m system [0m LOAD:
[2021-05-20 20:49:09] [43;37m system [0m DISK:
[2021-05-20 20:49:19] [45;37m start to get status of APPS. [0m
[2021-05-20 20:49:19] [44;37m APP [0m [44;37m blog [0m [31;1m DEAD [0m
[2021-05-20 20:49:19] [44;37m APP [0m [44;37m blog_frontend [0m [31;1m DEAD [0m
[2021-05-20 20:49:19] [44;37m APP [0m [44;37m cooki [0m [31;1m DEAD [0m
[2021-05-20 20:49:19] [44;37m APP [0m [44;37m frp [0m [31;1m DEAD [0m
[2021-05-20 20:49:20] [44;37m APP [0m [44;37m jjgo [0m [31;1m DEAD [0m
[2021-05-20 20:49:20] [44;37m APP [0m [44;37m jjgo_page [0m [31;1m DEAD [0m
[2021-05-20 20:49:20] [44;37m APP [0m [44;37m jjmail [0m [31;1m DEAD [0m
[2021-05-20 20:49:20] [44;37m APP [0m [44;37m jjservice [0m [31;1m DEAD [0m
[2021-05-20 20:49:21] [44;37m APP [0m [44;37m jjservice_frontend [0m [31;1m DEAD [0m
[2021-05-20 20:49:21] [44;37m APP [0m [44;37m mgek [0m [31;1m DEAD [0m
[2021-05-20 20:49:21] [44;37m APP [0m [44;37m mgekdoc [0m [31;1m DEAD [0m
[2021-05-20 20:49:21] [44;37m APP [0m [44;37m mgekfile [0m [31;1m DEAD [0m
[2021-05-20 20:49:21] [44;37m APP [0m [44;37m mysite [0m [31;1m DEAD [0m
[2021-05-20 20:49:22] [44;37m APP [0m [44;37m nginx [0m [31;1m DEAD [0m
[2021-05-20 20:49:22] [44;37m APP [0m [44;37m redis [0m [31;1m DEAD [0m
[2021-05-20 20:49:22] [44;37m APP [0m [44;37m resume [0m [31;1m DEAD [0m
[2021-05-20 20:49:22] [41;37m status check ends. [0m
[2021-05-20 20:49:22] wating for the next round.
[2021-05-20 20:49:22] [37mcheck system info. [0m
[2021-05-20 20:49:22] [43;37m system [0m CPU:
[2021-05-20 20:49:22] [43;37m system [0m MEM:
[2021-05-20 20:49:22] [43;37m system [0m LOAD:
[2021-05-20 20:49:22] [43;37m system [0m DISK:
[2021-05-20 20:49:28] [47;30m ZEUS SERVER IS RUNNING [0m
[2021-05-20 20:49:28] ZEUS default duration is: [36m10s[0m
[2021-05-20 20:49:28] start at time: [36mThu May 20 20:49:28 CST 2021[0m
[2021-05-20 20:49:28] [45;37m start to get status of APPS. [0m
[2021-05-20 20:49:28] [44;37m APP [0m [47;30m blog [0m [31;1m DEAD [0m
[2021-05-20 20:49:28] [44;37m APP [0m [47;30m blog_frontend [0m [31;1m DEAD [0m
[2021-05-20 20:49:28] [44;37m APP [0m [47;30m cooki [0m [31;1m DEAD [0m
[2021-05-20 20:49:28] [44;37m APP [0m [47;30m frp [0m [31;1m DEAD [0m
[2021-05-20 20:49:29] [44;37m APP [0m [47;30m jjgo [0m [31;1m DEAD [0m
[2021-05-20 20:49:29] [44;37m APP [0m [47;30m jjgo_page [0m [31;1m DEAD [0m
[2021-05-20 20:49:29] [44;37m APP [0m [47;30m jjmail [0m [31;1m DEAD [0m
[2021-05-20 20:49:29] [44;37m APP [0m [47;30m jjservice [0m [31;1m DEAD [0m
[2021-05-20 20:49:29] [44;37m APP [0m [47;30m jjservice_frontend [0m [31;1m DEAD [0m
[2021-05-20 20:49:30] [44;37m APP [0m [47;30m mgek [0m [31;1m DEAD [0m
[2021-05-20 20:49:30] [44;37m APP [0m [47;30m mgekdoc [0m [31;1m DEAD [0m
[2021-05-20 20:49:30] [44;37m APP [0m [47;30m mgekfile [0m [31;1m DEAD [0m
[2021-05-20 20:49:30] [44;37m APP [0m [47;30m mysite [0m [31;1m DEAD [0m
[2021-05-20 20:49:31] [44;37m APP [0m [47;30m nginx [0m [31;1m DEAD [0m
[2021-05-20 20:49:31] [44;37m APP [0m [47;30m redis [0m [31;1m DEAD [0m
[2021-05-20 20:49:31] [44;37m APP [0m [47;30m resume [0m [31;1m DEAD [0m
[2021-05-20 20:49:31] [41;37m status check ends. [0m
[2021-05-20 20:49:31] wating for the next round.
[2021-05-20 20:49:31] [37mcheck system info. [0m
[2021-05-20 20:49:31] [43;37m system [0m CPU:
[2021-05-20 20:49:31] [43;37m system [0m MEM:
[2021-05-20 20:49:31] [43;37m system [0m LOAD:
[2021-05-20 20:49:31] [43;37m system [0m DISK:
[2021-05-20 20:49:39] [47;30m ZEUS SERVER IS RUNNING [0m
[2021-05-20 20:49:39] ZEUS default duration is: [36m10s[0m
[2021-05-20 20:49:39] start at time: [36mThu May 20 20:49:39 CST 2021[0m
[2021-05-20 20:49:39] [45;37m start to get status of APPS. [0m
[2021-05-20 20:49:39] [44;37m APP [0m[47;30m blog [0m [31;1m DEAD [0m
[2021-05-20 20:49:39] [44;37m APP [0m[47;30m blog_frontend [0m [31;1m DEAD [0m
[2021-05-20 20:49:39] [44;37m APP [0m[47;30m cooki [0m [31;1m DEAD [0m
[2021-05-20 20:49:39] [44;37m APP [0m[47;30m frp [0m [31;1m DEAD [0m
[2021-05-20 20:49:40] [44;37m APP [0m[47;30m jjgo [0m [31;1m DEAD [0m
[2021-05-20 20:49:40] [44;37m APP [0m[47;30m jjgo_page [0m [31;1m DEAD [0m
[2021-05-20 20:49:40] [44;37m APP [0m[47;30m jjmail [0m [31;1m DEAD [0m
[2021-05-20 20:49:40] [44;37m APP [0m[47;30m jjservice [0m [31;1m DEAD [0m
[2021-05-20 20:49:40] [44;37m APP [0m[47;30m jjservice_frontend [0m [31;1m DEAD [0m
[2021-05-20 20:49:41] [44;37m APP [0m[47;30m mgek [0m [31;1m DEAD [0m
[2021-05-20 20:49:41] [44;37m APP [0m[47;30m mgekdoc [0m [31;1m DEAD [0m
[2021-05-20 20:49:41] [44;37m APP [0m[47;30m mgekfile [0m [31;1m DEAD [0m
[2021-05-20 20:49:41] [44;37m APP [0m[47;30m mysite [0m [31;1m DEAD [0m
[2021-05-20 20:49:41] [44;37m APP [0m[47;30m nginx [0m [31;1m DEAD [0m
[2021-05-20 20:49:42] [44;37m APP [0m[47;30m redis [0m [31;1m DEAD [0m
[2021-05-20 20:49:42] [44;37m APP [0m[47;30m resume [0m [31;1m DEAD [0m
[2021-05-20 20:49:42] [41;37m status check ends. [0m
[2021-05-20 20:49:42] wating for the next round.
[2021-05-20 20:49:42] [37mcheck system info. [0m
[2021-05-20 20:49:42] [43;37m system [0m CPU:
[2021-05-20 20:49:42] [43;37m system [0m MEM:
[2021-05-20 20:49:42] [43;37m system [0m LOAD:
[2021-05-20 20:49:42] [43;37m system [0m DISK:
[2021-05-20 20:49:52] [45;37m start to get status of APPS. [0m
[2021-05-20 20:49:52] [44;37m APP [0m[47;30m blog [0m [31;1m DEAD [0m
[2021-05-20 20:49:52] [44;37m APP [0m[47;30m blog_frontend [0m [31;1m DEAD [0m
[2021-05-20 20:49:53] [44;37m APP [0m[47;30m cooki [0m [31;1m DEAD [0m
[2021-05-20 20:49:53] [44;37m APP [0m[47;30m frp [0m [31;1m DEAD [0m
[2021-05-20 20:49:53] [44;37m APP [0m[47;30m jjgo [0m [31;1m DEAD [0m
[2021-05-20 20:49:53] [44;37m APP [0m[47;30m jjgo_page [0m [31;1m DEAD [0m
[2021-05-20 20:49:53] [44;37m APP [0m[47;30m jjmail [0m [31;1m DEAD [0m
[2021-05-20 20:49:54] [44;37m APP [0m[47;30m jjservice [0m [31;1m DEAD [0m
[2021-05-20 20:49:54] [44;37m APP [0m[47;30m jjservice_frontend [0m [31;1m DEAD [0m
[2021-05-20 20:49:54] [44;37m APP [0m[47;30m mgek [0m [31;1m DEAD [0m
[2021-05-20 20:49:54] [44;37m APP [0m[47;30m mgekdoc [0m [31;1m DEAD [0m
[2021-05-20 20:49:55] [44;37m APP [0m[47;30m mgekfile [0m [31;1m DEAD [0m
[2021-05-20 20:49:55] [44;37m APP [0m[47;30m mysite [0m [31;1m DEAD [0m
[2021-05-20 20:49:55] [44;37m APP [0m[47;30m nginx [0m [31;1m DEAD [0m
[2021-05-20 20:49:55] [44;37m APP [0m[47;30m redis [0m [31;1m DEAD [0m
[2021-05-20 20:49:55] [44;37m APP [0m[47;30m resume [0m [31;1m DEAD [0m
[2021-05-20 20:49:56] [41;37m status check ends. [0m
[2021-05-20 20:49:56] wating for the next round.
[2021-05-20 20:49:56] [37mcheck system info. [0m
[2021-05-20 20:49:56] [43;37m system [0m CPU:
[2021-05-20 20:49:56] [43;37m system [0m MEM:
[2021-05-20 20:49:56] [43;37m system [0m LOAD:
[2021-05-20 20:49:56] [43;37m system [0m DISK:
[2021-05-20 20:50:06] [45;37m start to get status of APPS. [0m
[2021-05-20 20:50:06] [44;37m APP [0m[47;30m blog [0m [31;1m DEAD [0m
[2021-05-20 20:50:06] [44;37m APP [0m[47;30m blog_frontend [0m [31;1m DEAD [0m
[2021-05-20 20:50:06] [44;37m APP [0m[47;30m cooki [0m [31;1m DEAD [0m
[2021-05-20 20:50:06] [44;37m APP [0m[47;30m frp [0m [31;1m DEAD [0m
[2021-05-20 20:50:07] [44;37m APP [0m[47;30m jjgo [0m [31;1m DEAD [0m
[2021-05-20 20:50:07] [44;37m APP [0m[47;30m jjgo_page [0m [31;1m DEAD [0m
[2021-05-20 20:50:07] [44;37m APP [0m[47;30m jjmail [0m [31;1m DEAD [0m
[2021-05-20 20:50:07] [44;37m APP [0m[47;30m jjservice [0m [31;1m DEAD [0m
[2021-05-20 20:50:07] [44;37m APP [0m[47;30m jjservice_frontend [0m [31;1m DEAD [0m
[2021-05-20 20:50:08] [44;37m APP [0m[47;30m mgek [0m [31;1m DEAD [0m
[2021-05-20 20:50:08] [44;37m APP [0m[47;30m mgekdoc [0m [31;1m DEAD [0m
[2021-05-20 20:50:08] [44;37m APP [0m[47;30m mgekfile [0m [31;1m DEAD [0m
[2021-05-20 20:50:08] [44;37m APP [0m[47;30m mysite [0m [31;1m DEAD [0m
[2021-05-20 20:50:08] [44;37m APP [0m[47;30m nginx [0m [31;1m DEAD [0m
[2021-05-20 20:50:09] [44;37m APP [0m[47;30m redis [0m [31;1m DEAD [0m
[2021-05-20 20:50:09] [44;37m APP [0m[47;30m resume [0m [31;1m DEAD [0m
[2021-05-20 20:50:09] [41;37m status check ends. [0m
[2021-05-20 20:50:09] wating for the next round.
[2021-05-20 20:50:09] [37mcheck system info. [0m
[2021-05-20 20:50:09] [43;37m system [0m CPU:
[2021-05-20 20:50:09] [43;37m system [0m MEM:
[2021-05-20 20:50:09] [43;37m system [0m LOAD:
[2021-05-20 20:50:09] [43;37m system [0m DISK:
[2021-05-20 21:01:56] [47;30m ZEUS SERVER IS RUNNING [0m
[2021-05-20 21:01:56] ZEUS default duration is: [36m10s[0m
[2021-05-20 21:01:56] start at time: [36mThu May 20 21:01:56 CST 2021[0m
[2021-05-20 21:01:56] [45;37m start to get status of APPS. [0m
[2021-05-20 21:01:56] [44;37m APP [0m[47;30m blog [0m [31;1m DEAD [0m
[2021-05-20 21:01:56] [44;37m APP [0m[47;30m blog_frontend [0m [31;1m DEAD [0m
[2021-05-20 21:01:56] [44;37m APP [0m[47;30m cooki [0m [31;1m DEAD [0m
[2021-05-20 21:01:57] [44;37m APP [0m[47;30m frp [0m [31;1m DEAD [0m
[2021-05-20 21:01:57] [44;37m APP [0m[47;30m jjgo [0m [31;1m DEAD [0m
[2021-05-20 21:01:57] [44;37m APP [0m[47;30m jjgo_page [0m [31;1m DEAD [0m
[2021-05-20 21:01:57] [44;37m APP [0m[47;30m jjmail [0m [31;1m DEAD [0m
[2021-05-20 21:01:57] [44;37m APP [0m[47;30m jjservice [0m [31;1m DEAD [0m
[2021-05-20 21:01:58] [44;37m APP [0m[47;30m jjservice_frontend [0m [31;1m DEAD [0m
[2021-05-20 21:01:58] [44;37m APP [0m[47;30m mgek [0m [31;1m DEAD [0m
[2021-05-20 21:01:58] [44;37m APP [0m[47;30m mgekdoc [0m [31;1m DEAD [0m
[2021-05-20 21:01:58] [44;37m APP [0m[47;30m mgekfile [0m [31;1m DEAD [0m
[2021-05-20 21:01:58] [44;37m APP [0m[47;30m mysite [0m [31;1m DEAD [0m
[2021-05-20 21:01:59] [44;37m APP [0m[47;30m nginx [0m [31;1m DEAD [0m
[2021-05-20 21:01:59] [44;37m APP [0m[47;30m redis [0m [31;1m DEAD [0m
[2021-05-20 21:01:59] [44;37m APP [0m[47;30m resume [0m [31;1m DEAD [0m
[2021-05-20 21:01:59] [41;37m status check ends. [0m
[2021-05-20 21:01:59] wating for the next round.
[2021-05-20 21:02:00] [37mcheck system info. [0m
[2021-05-20 21:02:00] [43;37m system [0m USER: [37m system [0m
[2021-05-20 21:02:00] [43;37m system [0m CPU: [37m system [0m
[2021-05-20 21:02:00] [43;37m system [0m MEM: [37m system [0m
[2021-05-20 21:02:00] [43;37m system [0m DISK: [37m system [0m
[2021-05-20 21:02:10] [45;37m start to get status of APPS. [0m
[2021-05-20 21:02:10] [44;37m APP [0m[47;30m blog [0m [31;1m DEAD [0m
[2021-05-20 21:02:10] [44;37m APP [0m[47;30m blog_frontend [0m [31;1m DEAD [0m
[2021-05-20 21:02:10] [44;37m APP [0m[47;30m cooki [0m [31;1m DEAD [0m
[2021-05-20 21:02:10] [44;37m APP [0m[47;30m frp [0m [31;1m DEAD [0m
[2021-05-20 21:02:10] [44;37m APP [0m[47;30m jjgo [0m [31;1m DEAD [0m
[2021-05-20 21:02:11] [44;37m APP [0m[47;30m jjgo_page [0m [31;1m DEAD [0m
[2021-05-20 21:02:11] [44;37m APP [0m[47;30m jjmail [0m [31;1m DEAD [0m
[2021-05-20 21:02:11] [44;37m APP [0m[47;30m jjservice [0m [31;1m DEAD [0m
[2021-05-20 21:02:11] [44;37m APP [0m[47;30m jjservice_frontend [0m [31;1m DEAD [0m
[2021-05-20 21:02:12] [44;37m APP [0m[47;30m mgek [0m [31;1m DEAD [0m
[2021-05-20 21:02:12] [44;37m APP [0m[47;30m mgekdoc [0m [31;1m DEAD [0m
[2021-05-20 21:02:12] [44;37m APP [0m[47;30m mgekfile [0m [31;1m DEAD [0m
[2021-05-20 21:02:12] [44;37m APP [0m[47;30m mysite [0m [31;1m DEAD [0m
[2021-05-20 21:02:12] [44;37m APP [0m[47;30m nginx [0m [31;1m DEAD [0m
[2021-05-20 21:02:13] [44;37m APP [0m[47;30m redis [0m [31;1m DEAD [0m
[2021-05-20 21:02:13] [44;37m APP [0m[47;30m resume [0m [31;1m DEAD [0m
[2021-05-20 21:02:13] [41;37m status check ends. [0m
[2021-05-20 21:02:13] wating for the next round.
[2021-05-20 21:02:13] [37mcheck system info. [0m
[2021-05-20 21:02:13] [43;37m system [0m USER: [37m system [0m
[2021-05-20 21:02:13] [43;37m system [0m CPU: [37m system [0m
[2021-05-20 21:02:13] [43;37m system [0m MEM: [37m system [0m
[2021-05-20 21:02:13] [43;37m system [0m DISK: [37m system [0m
[2021-05-20 21:02:23] [45;37m start to get status of APPS. [0m
[2021-05-20 21:02:23] [44;37m APP [0m[47;30m blog [0m [31;1m DEAD [0m
[2021-05-20 21:02:23] [44;37m APP [0m[47;30m blog_frontend [0m [31;1m DEAD [0m
[2021-05-20 21:02:24] [44;37m APP [0m[47;30m cooki [0m [31;1m DEAD [0m
[2021-05-20 21:02:24] [44;37m APP [0m[47;30m frp [0m [31;1m DEAD [0m
[2021-05-20 21:02:24] [44;37m APP [0m[47;30m jjgo [0m [31;1m DEAD [0m
[2021-05-20 21:02:24] [44;37m APP [0m[47;30m jjgo_page [0m [31;1m DEAD [0m
[2021-05-20 21:02:25] [44;37m APP [0m[47;30m jjmail [0m [31;1m DEAD [0m
[2021-05-20 21:02:25] [44;37m APP [0m[47;30m jjservice [0m [31;1m DEAD [0m
[2021-05-20 21:02:25] [44;37m APP [0m[47;30m jjservice_frontend [0m [31;1m DEAD [0m
[2021-05-20 21:02:25] [44;37m APP [0m[47;30m mgek [0m [31;1m DEAD [0m
[2021-05-20 21:02:25] [44;37m APP [0m[47;30m mgekdoc [0m [31;1m DEAD [0m
[2021-05-20 21:02:26] [44;37m APP [0m[47;30m mgekfile [0m [31;1m DEAD [0m
[2021-05-20 21:02:26] [44;37m APP [0m[47;30m mysite [0m [31;1m DEAD [0m
[2021-05-20 21:02:26] [44;37m APP [0m[47;30m nginx [0m [31;1m DEAD [0m
[2021-05-20 21:02:26] [44;37m APP [0m[47;30m redis [0m [31;1m DEAD [0m
[2021-05-20 21:02:26] [44;37m APP [0m[47;30m resume [0m [31;1m DEAD [0m
[2021-05-20 21:02:27] [41;37m status check ends. [0m
[2021-05-20 21:02:27] wating for the next round.
[2021-05-20 21:02:27] [37mcheck system info. [0m
[2021-05-20 21:02:27] [43;37m system [0m USER: [37m system [0m
[2021-05-20 21:02:27] [43;37m system [0m CPU: [37m system [0m
[2021-05-20 21:02:27] [43;37m system [0m MEM: [37m system [0m
[2021-05-20 21:02:27] [43;37m system [0m DISK: [37m system [0m
[2021-05-20 21:02:37] [45;37m start to get status of APPS. [0m
[2021-05-20 21:02:37] [44;37m APP [0m[47;30m blog [0m [31;1m DEAD [0m
[2021-05-20 21:02:37] [44;37m APP [0m[47;30m blog_frontend [0m [31;1m DEAD [0m
[2021-05-20 21:02:37] [44;37m APP [0m[47;30m cooki [0m [31;1m DEAD [0m
[2021-05-20 21:02:38] [44;37m APP [0m[47;30m frp [0m [31;1m DEAD [0m
[2021-05-20 21:02:38] [44;37m APP [0m[47;30m jjgo [0m [31;1m DEAD [0m
[2021-05-20 21:02:38] [44;37m APP [0m[47;30m jjgo_page [0m [31;1m DEAD [0m
[2021-05-20 21:02:38] [44;37m APP [0m[47;30m jjmail [0m [31;1m DEAD [0m
[2021-05-20 21:02:38] [44;37m APP [0m[47;30m jjservice [0m [31;1m DEAD [0m
[2021-05-20 21:02:39] [44;37m APP [0m[47;30m jjservice_frontend [0m [31;1m DEAD [0m
[2021-05-20 21:02:40] [47;30m ZEUS SERVER IS RUNNING [0m
[2021-05-20 21:02:40] ZEUS default duration is: [36m10s[0m
[2021-05-20 21:02:40] start at time: [36mThu May 20 21:02:40 CST 2021[0m
[2021-05-20 21:02:40] [45;37m start to get status of APPS. [0m
[2021-05-20 21:02:40] [44;37m APP [0m[47;30m blog [0m [31;1m DEAD [0m
[2021-05-20 21:02:40] [44;37m APP [0m[47;30m blog_frontend [0m [31;1m DEAD [0m
[2021-05-20 21:02:40] [44;37m APP [0m[47;30m cooki [0m [31;1m DEAD [0m
[2021-05-20 21:02:40] [44;37m APP [0m[47;30m frp [0m [31;1m DEAD [0m
[2021-05-20 21:02:40] [44;37m APP [0m[47;30m jjgo [0m [31;1m DEAD [0m
[2021-05-20 21:02:41] [44;37m APP [0m[47;30m jjgo_page [0m [31;1m DEAD [0m
[2021-05-20 21:02:41] [44;37m APP [0m[47;30m jjmail [0m [31;1m DEAD [0m
[2021-05-20 21:02:41] [44;37m APP [0m[47;30m jjservice [0m [31;1m DEAD [0m
[2021-05-20 21:02:41] [44;37m APP [0m[47;30m jjservice_frontend [0m [31;1m DEAD [0m
[2021-05-20 21:02:41] [44;37m APP [0m[47;30m mgek [0m [31;1m DEAD [0m
[2021-05-20 21:02:42] [44;37m APP [0m[47;30m mgekdoc [0m [31;1m DEAD [0m
[2021-05-20 21:02:42] [44;37m APP [0m[47;30m mgekfile [0m [31;1m DEAD [0m
[2021-05-20 21:02:42] [44;37m APP [0m[47;30m mysite [0m [31;1m DEAD [0m
[2021-05-20 21:02:42] [44;37m APP [0m[47;30m nginx [0m [31;1m DEAD [0m
[2021-05-20 21:02:43] [44;37m APP [0m[47;30m redis [0m [31;1m DEAD [0m
[2021-05-20 21:02:43] [44;37m APP [0m[47;30m resume [0m [31;1m DEAD [0m
[2021-05-20 21:02:43] [41;37m status check ends. [0m
[2021-05-20 21:02:43] wating for the next round.
[2021-05-20 21:02:43] [37mcheck system info. [0m
[2021-05-20 21:02:43] [43;37m system [0m USER: [37m root [0m
[2021-05-20 21:02:43] [43;37m system [0m CPU: [37m 0 [0m
[2021-05-20 21:02:43] [43;37m system [0m MEM: [37m 10 [0m
[2021-05-20 21:02:43] [43;37m system [0m DISK: [37m  [0m
[2021-05-20 21:02:53] [45;37m start to get status of APPS. [0m
[2021-05-20 21:02:53] [44;37m APP [0m[47;30m blog [0m [31;1m DEAD [0m
[2021-05-20 21:02:53] [44;37m APP [0m[47;30m blog_frontend [0m [31;1m DEAD [0m
[2021-05-20 21:02:54] [44;37m APP [0m[47;30m cooki [0m [31;1m DEAD [0m
[2021-05-20 21:02:54] [44;37m APP [0m[47;30m frp [0m [31;1m DEAD [0m
[2021-05-20 21:02:54] [44;37m APP [0m[47;30m jjgo [0m [31;1m DEAD [0m
[2021-05-20 21:02:54] [44;37m APP [0m[47;30m jjgo_page [0m [31;1m DEAD [0m
[2021-05-20 21:02:55] [44;37m APP [0m[47;30m jjmail [0m [31;1m DEAD [0m
[2021-05-20 21:02:55] [44;37m APP [0m[47;30m jjservice [0m [31;1m DEAD [0m
[2021-05-20 21:06:07] [47;30m ZEUS SERVER IS RUNNING [0m
[2021-05-20 21:06:07] ZEUS default duration is: [36m10s[0m
[2021-05-20 21:06:07] start at time: [36mThu May 20 21:06:07 CST 2021[0m
[2021-05-20 21:06:07] [45;37m start to get status of APPS. [0m
[2021-05-20 21:06:07] [44;37m APP [0m[47;30m blog [0m [31;1m DEAD [0m
[2021-05-20 21:06:07] [44;37m APP [0m[47;30m blog_frontend [0m [31;1m DEAD [0m
[2021-05-20 21:06:07] [44;37m APP [0m[47;30m cooki [0m [31;1m DEAD [0m
[2021-05-20 21:06:07] [44;37m APP [0m[47;30m frp [0m [31;1m DEAD [0m
[2021-05-20 21:06:08] [44;37m APP [0m[47;30m jjgo [0m [31;1m DEAD [0m
[2021-05-20 21:06:08] [44;37m APP [0m[47;30m jjgo_page [0m [31;1m DEAD [0m
[2021-05-20 21:06:08] [44;37m APP [0m[47;30m jjmail [0m [31;1m DEAD [0m
[2021-05-20 21:06:08] [44;37m APP [0m[47;30m jjservice [0m [31;1m DEAD [0m
[2021-05-20 21:06:09] [44;37m APP [0m[47;30m jjservice_frontend [0m [31;1m DEAD [0m
[2021-05-20 21:06:09] [44;37m APP [0m[47;30m mgek [0m [31;1m DEAD [0m
[2021-05-20 21:06:09] [44;37m APP [0m[47;30m mgekdoc [0m [31;1m DEAD [0m
[2021-05-20 21:06:09] [44;37m APP [0m[47;30m mgekfile [0m [31;1m DEAD [0m
[2021-05-20 21:06:09] [44;37m APP [0m[47;30m mysite [0m [31;1m DEAD [0m
[2021-05-20 21:06:10] [44;37m APP [0m[47;30m nginx [0m [31;1m DEAD [0m
[2021-05-20 21:06:10] [44;37m APP [0m[47;30m redis [0m [31;1m DEAD [0m
[2021-05-20 21:06:10] [44;37m APP [0m[47;30m resume [0m [31;1m DEAD [0m
[2021-05-20 21:06:10] [41;37m status check ends. [0m
[2021-05-20 21:06:10] wating for the next round.
[2021-05-20 21:06:10] [37mcheck system info. [0m
[2021-05-20 21:06:10] [43;37m system [0m USER: [37m root [0m
[2021-05-20 21:06:10] [43;37m system [0m CPU : [37m 0% [0m
[2021-05-20 21:06:10] [43;37m system [0m MEM : [37m 10% [0m
[2021-05-20 21:06:11] [43;37m system [0m DISK: [37m  [0m
[2021-05-20 21:12:07] [47;30m ZEUS SERVER IS RUNNING [0m
[2021-05-20 21:12:07] ZEUS default duration is: [36m10s[0m
[2021-05-20 21:12:07] start at time: [36mThu May 20 21:12:07 CST 2021[0m
[2021-05-20 21:12:07] [45;37m start to get status of APPS. [0m
[2021-05-20 21:12:07] [44;37m APP [0m[47;30m blog [0m [31;1m DEAD [0m
[2021-05-20 21:12:07] [44;37m APP [0m[47;30m blog_frontend [0m [31;1m DEAD [0m
[2021-05-20 21:12:07] [44;37m APP [0m[47;30m cooki [0m [31;1m DEAD [0m
[2021-05-20 21:12:07] [44;37m APP [0m[47;30m frp [0m [31;1m DEAD [0m
[2021-05-20 21:12:07] [44;37m APP [0m[47;30m jjgo [0m [31;1m DEAD [0m
[2021-05-20 21:12:08] [44;37m APP [0m[47;30m jjgo_page [0m [31;1m DEAD [0m
[2021-05-20 21:12:08] [44;37m APP [0m[47;30m jjmail [0m [31;1m DEAD [0m
[2021-05-20 21:12:08] [44;37m APP [0m[47;30m jjservice [0m [31;1m DEAD [0m
[2021-05-20 21:12:08] [44;37m APP [0m[47;30m jjservice_frontend [0m [31;1m DEAD [0m
[2021-05-20 21:12:09] [44;37m APP [0m[47;30m mgek [0m [31;1m DEAD [0m
[2021-05-20 21:12:09] [44;37m APP [0m[47;30m mgekdoc [0m [31;1m DEAD [0m
[2021-05-20 21:12:09] [44;37m APP [0m[47;30m mgekfile [0m [31;1m DEAD [0m
[2021-05-20 21:12:09] [44;37m APP [0m[47;30m mysite [0m [31;1m DEAD [0m
[2021-05-20 21:12:09] [44;37m APP [0m[47;30m nginx [0m [31;1m DEAD [0m
[2021-05-20 21:12:10] [44;37m APP [0m[47;30m redis [0m [31;1m DEAD [0m
[2021-05-20 21:12:10] [44;37m APP [0m[47;30m resume [0m [31;1m DEAD [0m
[2021-05-20 21:12:10] [41;37m status check ends. [0m
[2021-05-20 21:12:10] wating for the next round.
[2021-05-20 21:12:10] [37mcheck system info. [0m
[2021-05-20 21:12:10] [43;37m system [0m USER: [37m root [0m
[2021-05-20 21:12:10] [43;37m system [0m CPU : [37m 0% [0m
[2021-05-20 21:12:10] [43;37m system [0m MEM : [37m 10% [0m
[2021-05-20 21:12:10] [43;37m system [0m DISK: [37m  [0m
[2021-05-20 21:12:27] [47;30m ZEUS SERVER IS RUNNING [0m
[2021-05-20 21:12:27] ZEUS default duration is: [36m10s[0m
[2021-05-20 21:12:27] start at time: [36mThu May 20 21:12:27 CST 2021[0m
[2021-05-20 21:12:27] [45;37m start to get status of APPS. [0m
[2021-05-20 21:12:27] [44;37m APP [0m[47;30m blog [0m [31;1m DEAD [0m
[2021-05-20 21:12:27] [44;37m APP [0m[47;30m blog_frontend [0m [31;1m DEAD [0m
[2021-05-20 21:12:27] [44;37m APP [0m[47;30m cooki [0m [31;1m DEAD [0m
[2021-05-20 21:12:27] [44;37m APP [0m[47;30m frp [0m [31;1m DEAD [0m
[2021-05-20 21:12:28] [44;37m APP [0m[47;30m jjgo [0m [31;1m DEAD [0m
[2021-05-20 21:12:28] [44;37m APP [0m[47;30m jjgo_page [0m [31;1m DEAD [0m
[2021-05-20 21:12:28] [44;37m APP [0m[47;30m jjmail [0m [31;1m DEAD [0m
[2021-05-20 21:12:28] [44;37m APP [0m[47;30m jjservice [0m [31;1m DEAD [0m
[2021-05-20 21:12:28] [44;37m APP [0m[47;30m jjservice_frontend [0m [31;1m DEAD [0m
[2021-05-20 21:12:29] [44;37m APP [0m[47;30m mgek [0m [31;1m DEAD [0m
[2021-05-20 21:12:29] [44;37m APP [0m[47;30m mgekdoc [0m [31;1m DEAD [0m
[2021-05-20 21:12:29] [44;37m APP [0m[47;30m mgekfile [0m [31;1m DEAD [0m
[2021-05-20 21:12:29] [44;37m APP [0m[47;30m mysite [0m [31;1m DEAD [0m
[2021-05-20 21:12:29] [44;37m APP [0m[47;30m nginx [0m [31;1m DEAD [0m
[2021-05-20 21:12:30] [44;37m APP [0m[47;30m redis [0m [31;1m DEAD [0m
[2021-05-20 21:12:30] [44;37m APP [0m[47;30m resume [0m [31;1m DEAD [0m
[2021-05-20 21:12:30] [41;37m status check ends. [0m
[2021-05-20 21:12:30] wating for the next round.
[2021-05-20 21:12:31] [37mcheck system info. [0m
[2021-05-20 21:12:31] [43;37m system [0m USER: [37m root [0m
[2021-05-20 21:12:31] [43;37m system [0m CPU : [37m 0% [0m
[2021-05-20 21:12:31] [43;37m system [0m MEM : [37m 10% [0m
[2021-05-20 21:12:31] [43;37m system [0m DISK: [37m 0% [0m
[2021-05-20 21:26:24] [47;30m ZEUS SERVER IS RUNNING [0m
[2021-05-20 21:26:24] ZEUS default duration is: [36m10s[0m
[2021-05-20 21:26:24] start at time: [36mThu May 20 21:26:24 CST 2021[0m
[2021-05-20 21:26:24] [45;37m start to get status of APPS. [0m
[2021-05-20 21:26:24] [44;37m APP [0m[47;30m blog [0m [31;1m DEAD [0m
[2021-05-20 21:26:24] [44;37m APP [0m[47;30m blog_frontend [0m [31;1m DEAD [0m
[2021-05-20 21:26:25] [44;37m APP [0m[47;30m cooki [0m [31;1m DEAD [0m
[2021-05-20 21:26:25] [44;37m APP [0m[47;30m frp [0m [31;1m DEAD [0m
[2021-05-20 21:26:25] [44;37m APP [0m[47;30m jjgo [0m [31;1m DEAD [0m
[2021-05-20 21:26:25] [44;37m APP [0m[47;30m jjgo_page [0m [31;1m DEAD [0m
[2021-05-20 21:26:26] [44;37m APP [0m[47;30m jjmail [0m [31;1m DEAD [0m
[2021-05-20 21:26:26] [44;37m APP [0m[47;30m jjservice [0m [31;1m DEAD [0m
[2021-05-20 21:26:26] [44;37m APP [0m[47;30m jjservice_frontend [0m [31;1m DEAD [0m
[2021-05-20 21:26:26] [44;37m APP [0m[47;30m mgek [0m [31;1m DEAD [0m
[2021-05-20 21:26:26] [44;37m APP [0m[47;30m mgekdoc [0m [31;1m DEAD [0m
[2021-05-20 21:26:27] [44;37m APP [0m[47;30m mgekfile [0m [31;1m DEAD [0m
[2021-05-20 21:26:27] [44;37m APP [0m[47;30m mysite [0m [31;1m DEAD [0m
[2021-05-20 21:26:27] [44;37m APP [0m[47;30m nginx [0m [31;1m DEAD [0m
[2021-05-20 21:26:27] [44;37m APP [0m[47;30m redis [0m [31;1m DEAD [0m
[2021-05-20 21:26:28] [44;37m APP [0m[47;30m resume [0m [31;1m DEAD [0m
[2021-05-20 21:26:28] [41;37m status check ends. [0m
[2021-05-20 21:26:28] wating for the next round.
[2021-05-20 21:26:28] [37mcheck system info. [0m
[2021-05-20 21:26:28] [43;37m system [0m USER: [37m root [0m
[2021-05-20 21:26:28] [43;37m system [0m CPU : [37m 0% [0m
[2021-05-20 21:26:28] [43;37m system [0m MEM : [37m 10% [0m
[2021-05-20 21:26:28] [43;37m system [0m DISK: [37m / [0m
[2021-05-20 21:26:40] [47;30m ZEUS SERVER IS RUNNING [0m
[2021-05-20 21:26:40] ZEUS default duration is: [36m10s[0m
[2021-05-20 21:26:40] start at time: [36mThu May 20 21:26:40 CST 2021[0m
[2021-05-20 21:26:40] [45;37m start to get status of APPS. [0m
[2021-05-20 21:26:40] [44;37m APP [0m[47;30m blog [0m [31;1m DEAD [0m
[2021-05-20 21:26:41] [44;37m APP [0m[47;30m blog_frontend [0m [31;1m DEAD [0m
[2021-05-20 21:26:41] [44;37m APP [0m[47;30m cooki [0m [31;1m DEAD [0m
[2021-05-20 21:26:41] [44;37m APP [0m[47;30m frp [0m [31;1m DEAD [0m
[2021-05-20 21:26:41] [44;37m APP [0m[47;30m jjgo [0m [31;1m DEAD [0m
[2021-05-20 21:26:41] [44;37m APP [0m[47;30m jjgo_page [0m [31;1m DEAD [0m
[2021-05-20 21:26:42] [44;37m APP [0m[47;30m jjmail [0m [31;1m DEAD [0m
[2021-05-20 21:26:42] [44;37m APP [0m[47;30m jjservice [0m [31;1m DEAD [0m
[2021-05-20 21:26:42] [44;37m APP [0m[47;30m jjservice_frontend [0m [31;1m DEAD [0m
[2021-05-20 21:26:42] [44;37m APP [0m[47;30m mgek [0m [31;1m DEAD [0m
[2021-05-20 21:26:43] [44;37m APP [0m[47;30m mgekdoc [0m [31;1m DEAD [0m
[2021-05-20 21:26:43] [44;37m APP [0m[47;30m mgekfile [0m [31;1m DEAD [0m
[2021-05-20 21:26:43] [44;37m APP [0m[47;30m mysite [0m [31;1m DEAD [0m
[2021-05-20 21:26:43] [44;37m APP [0m[47;30m nginx [0m [31;1m DEAD [0m
[2021-05-20 21:26:43] [44;37m APP [0m[47;30m redis [0m [31;1m DEAD [0m
[2021-05-20 21:26:44] [44;37m APP [0m[47;30m resume [0m [31;1m DEAD [0m
[2021-05-20 21:26:44] [41;37m status check ends. [0m
[2021-05-20 21:26:44] wating for the next round.
[2021-05-20 21:26:44] [37mcheck system info. [0m
[2021-05-20 21:26:44] [43;37m system [0m USER: [37m root [0m
[2021-05-20 21:26:44] [43;37m system [0m CPU : [37m 0% [0m
[2021-05-20 21:26:44] [43;37m system [0m MEM : [37m 10% [0m
[2021-05-20 21:26:44] [43;37m system [0m DISK: [37m / [0m
[2021-05-20 21:27:20] [47;30m ZEUS SERVER IS RUNNING [0m
[2021-05-20 21:27:20] ZEUS default duration is: [36m10s[0m
[2021-05-20 21:27:20] start at time: [36mThu May 20 21:27:20 CST 2021[0m
[2021-05-20 21:27:20] [45;37m start to get status of APPS. [0m
[2021-05-20 21:27:20] [44;37m APP [0m[47;30m blog [0m [31;1m DEAD [0m
[2021-05-20 21:27:21] [44;37m APP [0m[47;30m blog_frontend [0m [31;1m DEAD [0m
[2021-05-20 21:27:21] [44;37m APP [0m[47;30m cooki [0m [31;1m DEAD [0m
[2021-05-20 21:27:21] [44;37m APP [0m[47;30m frp [0m [31;1m DEAD [0m
[2021-05-20 21:27:21] [44;37m APP [0m[47;30m jjgo [0m [31;1m DEAD [0m
[2021-05-20 21:27:21] [44;37m APP [0m[47;30m jjgo_page [0m [31;1m DEAD [0m
[2021-05-20 21:27:22] [44;37m APP [0m[47;30m jjmail [0m [31;1m DEAD [0m
[2021-05-20 21:27:22] [44;37m APP [0m[47;30m jjservice [0m [31;1m DEAD [0m
[2021-05-20 21:27:22] [44;37m APP [0m[47;30m jjservice_frontend [0m [31;1m DEAD [0m
[2021-05-20 21:27:22] [44;37m APP [0m[47;30m mgek [0m [31;1m DEAD [0m
[2021-05-20 21:27:22] [44;37m APP [0m[47;30m mgekdoc [0m [31;1m DEAD [0m
[2021-05-20 21:27:23] [44;37m APP [0m[47;30m mgekfile [0m [31;1m DEAD [0m
[2021-05-20 21:27:23] [44;37m APP [0m[47;30m mysite [0m [31;1m DEAD [0m
[2021-05-20 21:27:23] [44;37m APP [0m[47;30m nginx [0m [31;1m DEAD [0m
[2021-05-20 21:27:23] [44;37m APP [0m[47;30m redis [0m [31;1m DEAD [0m
[2021-05-20 21:27:24] [44;37m APP [0m[47;30m resume [0m [31;1m DEAD [0m
[2021-05-20 21:27:24] [41;37m status check ends. [0m
[2021-05-20 21:27:24] wating for the next round.
[2021-05-20 21:27:24] [37mcheck system info. [0m
[2021-05-20 21:27:24] [43;37m system [0m USER: [37m root [0m
[2021-05-20 21:27:24] [43;37m system [0m CPU : [37m 0% [0m
[2021-05-20 21:27:24] [43;37m system [0m MEM : [37m 10% [0m
[2021-05-20 21:27:24] [43;37m system [0m DISK: [37m 55% [0m
[2021-05-20 21:27:34] [45;37m start to get status of APPS. [0m
[2021-05-20 21:27:34] [44;37m APP [0m[47;30m blog [0m [31;1m DEAD [0m
[2021-05-20 21:27:34] [44;37m APP [0m[47;30m blog_frontend [0m [31;1m DEAD [0m
[2021-05-20 21:27:34] [44;37m APP [0m[47;30m cooki [0m [31;1m DEAD [0m
[2021-05-20 21:27:35] [44;37m APP [0m[47;30m frp [0m [31;1m DEAD [0m
[2021-05-20 21:27:35] [44;37m APP [0m[47;30m jjgo [0m [31;1m DEAD [0m
[2021-05-20 21:27:35] [44;37m APP [0m[47;30m jjgo_page [0m [31;1m DEAD [0m
[2021-05-20 21:27:35] [44;37m APP [0m[47;30m jjmail [0m [31;1m DEAD [0m
[2021-05-20 21:27:36] [44;37m APP [0m[47;30m jjservice [0m [31;1m DEAD [0m
[2021-05-20 21:27:36] [44;37m APP [0m[47;30m jjservice_frontend [0m [31;1m DEAD [0m
[2021-05-20 21:27:36] [44;37m APP [0m[47;30m mgek [0m [31;1m DEAD [0m
[2021-05-20 21:27:36] [44;37m APP [0m[47;30m mgekdoc [0m [31;1m DEAD [0m
[2021-05-20 21:27:36] [44;37m APP [0m[47;30m mgekfile [0m [31;1m DEAD [0m
[2021-05-20 21:27:37] [44;37m APP [0m[47;30m mysite [0m [31;1m DEAD [0m
[2021-05-20 21:27:37] [44;37m APP [0m[47;30m nginx [0m [31;1m DEAD [0m
[2021-05-20 21:27:37] [44;37m APP [0m[47;30m redis [0m [31;1m DEAD [0m
[2021-05-20 21:27:37] [44;37m APP [0m[47;30m resume [0m [31;1m DEAD [0m
[2021-05-20 21:27:37] [41;37m status check ends. [0m
[2021-05-20 21:27:37] wating for the next round.
[2021-05-20 21:27:38] [37mcheck system info. [0m
[2021-05-20 21:27:38] [43;37m system [0m USER: [37m root [0m
[2021-05-20 21:27:38] [43;37m system [0m CPU : [37m 0% [0m
[2021-05-20 21:27:38] [43;37m system [0m MEM : [37m 10% [0m
[2021-05-20 21:27:38] [43;37m system [0m DISK: [37m 55% [0m
[2021-05-20 21:28:27] [47;30m ZEUS SERVER IS RUNNING [0m
[2021-05-20 21:28:27] ZEUS default duration is: [36m10s[0m
[2021-05-20 21:28:27] start at time: [36mThu May 20 21:28:27 CST 2021[0m
[2021-05-20 21:28:27] [45;37m start to get status of APPS. [0m
[2021-05-20 21:28:27] [44;37m APP [0m[47;30m blog [0m [31;1m DEAD [0m
[2021-05-20 21:28:28] [44;37m APP [0m[47;30m blog_frontend [0m [31;1m DEAD [0m
[2021-05-20 21:28:28] [44;37m APP [0m[47;30m cooki [0m [31;1m DEAD [0m
[2021-05-20 21:28:28] [44;37m APP [0m[47;30m frp [0m [31;1m DEAD [0m
[2021-05-20 21:28:28] [44;37m APP [0m[47;30m jjgo [0m [31;1m DEAD [0m
[2021-05-20 21:28:29] [44;37m APP [0m[47;30m jjgo_page [0m [31;1m DEAD [0m
[2021-05-20 21:28:29] [44;37m APP [0m[47;30m jjmail [0m [31;1m DEAD [0m
[2021-05-20 21:28:29] [44;37m APP [0m[47;30m jjservice [0m [31;1m DEAD [0m
[2021-05-20 21:28:29] [44;37m APP [0m[47;30m jjservice_frontend [0m [31;1m DEAD [0m
[2021-05-20 21:28:29] [44;37m APP [0m[47;30m mgek [0m [31;1m DEAD [0m
[2021-05-20 21:28:30] [44;37m APP [0m[47;30m mgekdoc [0m [31;1m DEAD [0m
[2021-05-20 21:28:30] [44;37m APP [0m[47;30m mgekfile [0m [31;1m DEAD [0m
[2021-05-20 21:28:30] [44;37m APP [0m[47;30m mysite [0m [31;1m DEAD [0m
[2021-05-20 21:28:30] [44;37m APP [0m[47;30m nginx [0m [31;1m DEAD [0m
[2021-05-20 21:28:30] [44;37m APP [0m[47;30m redis [0m [31;1m DEAD [0m
[2021-05-20 21:28:31] [44;37m APP [0m[47;30m resume [0m [31;1m DEAD [0m
[2021-05-20 21:28:31] [41;37m status check ends. [0m
[2021-05-20 21:28:31] wating for the next round.
[2021-05-20 21:28:31] [37mcheck system info. [0m
[2021-05-20 21:28:31] [43;37m system [0m USER: [37m root [0m
[2021-05-20 21:28:31] [43;37m system [0m CPU : [37m 0% [0m
[2021-05-20 21:28:31] [43;37m system [0m MEM : [37m 10% [0m
[2021-05-20 21:28:31] [43;37m system [0m DISK: [37m 55% [0m
[2021-05-20 21:29:16] [47;30m ZEUS SERVER IS RUNNING [0m
[2021-05-20 21:29:16] ZEUS default duration is: [36m10s[0m
[2021-05-20 21:29:16] start at time: [36mThu May 20 21:29:16 CST 2021[0m
[2021-05-20 21:29:16] [45;37m start to get status of APPS. [0m
[2021-05-20 21:29:16] [44;37m APP [0m[47;30m blog [0m [31;1m DEAD [0m
[2021-05-20 21:29:16] [44;37m APP [0m[47;30m blog_frontend [0m [31;1m DEAD [0m
[2021-05-20 21:29:16] [44;37m APP [0m[47;30m cooki [0m [31;1m DEAD [0m
[2021-05-20 21:29:16] [44;37m APP [0m[47;30m frp [0m [31;1m DEAD [0m
[2021-05-20 21:29:16] [44;37m APP [0m[47;30m jjgo [0m [31;1m DEAD [0m
[2021-05-20 21:29:16] [44;37m APP [0m[47;30m jjgo_page [0m [31;1m DEAD [0m
[2021-05-20 21:29:16] [44;37m APP [0m[47;30m jjmail [0m [31;1m DEAD [0m
[2021-05-20 21:29:16] [44;37m APP [0m[47;30m jjservice [0m [31;1m DEAD [0m
[2021-05-20 21:29:16] [44;37m APP [0m[47;30m jjservice_frontend [0m [31;1m DEAD [0m
[2021-05-20 21:29:16] [44;37m APP [0m[47;30m mgek [0m [31;1m DEAD [0m
[2021-05-20 21:29:16] [44;37m APP [0m[47;30m mgekdoc [0m [31;1m DEAD [0m
[2021-05-20 21:29:16] [44;37m APP [0m[47;30m mgekfile [0m [31;1m DEAD [0m
[2021-05-20 21:29:17] [44;37m APP [0m[47;30m mysite [0m [31;1m DEAD [0m
[2021-05-20 21:29:17] [44;37m APP [0m[47;30m nginx [0m [31;1m DEAD [0m
[2021-05-20 21:29:17] [44;37m APP [0m[47;30m redis [0m [31;1m DEAD [0m
[2021-05-20 21:29:17] [44;37m APP [0m[47;30m resume [0m [31;1m DEAD [0m
[2021-05-20 21:29:17] [41;37m status check ends. [0m
[2021-05-20 21:29:17] wating for the next round.
[2021-05-20 21:29:17] [37mcheck system info. [0m
[2021-05-20 21:29:17] [43;37m system [0m USER: [37m root [0m
[2021-05-20 21:29:17] [43;37m system [0m CPU : [37m 0% [0m
[2021-05-20 21:29:17] [43;37m system [0m MEM : [37m 10% [0m
[2021-05-20 21:29:17] [43;37m system [0m DISK: [37m 55% [0m
